/cosma/home/durham/dc-ruan1/.local/lib/python3.14/site-packages/mcfit/mcfit.py:130: UserWarning: use backend='jax' if desired
  warnings.warn("use backend='jax' if desired")
/cosma/home/durham/dc-ruan1/.local/lib/python3.14/site-packages/mcfit/mcfit.py:130: UserWarning: use backend='jax' if desired
  warnings.warn("use backend='jax' if desired")
/cosma/home/durham/dc-ruan1/.local/lib/python3.14/site-packages/mcfit/mcfit.py:130: UserWarning: use backend='jax' if desired
  warnings.warn("use backend='jax' if desired")
/cosma/home/durham/dc-ruan1/.local/lib/python3.14/site-packages/mcfit/mcfit.py:130: UserWarning: use backend='jax' if desired
  warnings.warn("use backend='jax' if desired")
/cosma/home/durham/dc-ruan1/.local/lib/python3.14/site-packages/mcfit/mcfit.py:130: UserWarning: use backend='jax' if desired
  warnings.warn("use backend='jax' if desired")
/cosma/home/durham/dc-ruan1/.local/lib/python3.14/site-packages/mcfit/mcfit.py:130: UserWarning: use backend='jax' if desired
  warnings.warn("use backend='jax' if desired")
/cosma/home/durham/dc-ruan1/.local/lib/python3.14/site-packages/mcfit/mcfit.py:130: UserWarning: use backend='jax' if desired
  warnings.warn("use backend='jax' if desired")
/cosma/home/durham/dc-ruan1/.local/lib/python3.14/site-packages/mcfit/mcfit.py:130: UserWarning: use backend='jax' if desired
  warnings.warn("use backend='jax' if desired")
/cosma/home/durham/dc-ruan1/.local/lib/python3.14/site-packages/mcfit/mcfit.py:130: UserWarning: use backend='jax' if desired
  warnings.warn("use backend='jax' if desired")
/cosma/home/durham/dc-ruan1/.local/lib/python3.14/site-packages/mcfit/mcfit.py:130: UserWarning: use backend='jax' if desired
  warnings.warn("use backend='jax' if desired")
/cosma/home/durham/dc-ruan1/.local/lib/python3.14/site-packages/mcfit/mcfit.py:130: UserWarning: use backend='jax' if desired
  warnings.warn("use backend='jax' if desired")
/cosma/home/durham/dc-ruan1/.local/lib/python3.14/site-packages/mcfit/mcfit.py:130: UserWarning: use backend='jax' if desired
  warnings.warn("use backend='jax' if desired")
/cosma/home/durham/dc-ruan1/.local/lib/python3.14/site-packages/mcfit/mcfit.py:130: UserWarning: use backend='jax' if desired
  warnings.warn("use backend='jax' if desired")
/cosma/home/durham/dc-ruan1/.local/lib/python3.14/site-packages/mcfit/mcfit.py:130: UserWarning: use backend='jax' if desired
  warnings.warn("use backend='jax' if desired")
/cosma/home/durham/dc-ruan1/.local/lib/python3.14/site-packages/mcfit/mcfit.py:130: UserWarning: use backend='jax' if desired
  warnings.warn("use backend='jax' if desired")
/cosma/home/durham/dc-ruan1/.local/lib/python3.14/site-packages/mcfit/mcfit.py:130: UserWarning: use backend='jax' if desired
  warnings.warn("use backend='jax' if desired")
/cosma/home/durham/dc-ruan1/.local/lib/python3.14/site-packages/mcfit/mcfit.py:130: UserWarning: use backend='jax' if desired
  warnings.warn("use backend='jax' if desired")
/cosma/home/durham/dc-ruan1/.local/lib/python3.14/site-packages/mcfit/mcfit.py:130: UserWarning: use backend='jax' if desired
  warnings.warn("use backend='jax' if desired")
/cosma/home/durham/dc-ruan1/.local/lib/python3.14/site-packages/mcfit/mcfit.py:130: UserWarning: use backend='jax' if desired
  warnings.warn("use backend='jax' if desired")
/cosma/home/durham/dc-ruan1/.local/lib/python3.14/site-packages/mcfit/mcfit.py:130: UserWarning: use backend='jax' if desired
  warnings.warn("use backend='jax' if desired")
/cosma/home/durham/dc-ruan1/.local/lib/python3.14/site-packages/mcfit/mcfit.py:130: UserWarning: use backend='jax' if desired
  warnings.warn("use backend='jax' if desired")
/cosma/home/durham/dc-ruan1/.local/lib/python3.14/site-packages/mcfit/mcfit.py:130: UserWarning: use backend='jax' if desired
  warnings.warn("use backend='jax' if desired")
/cosma/home/durham/dc-ruan1/.local/lib/python3.14/site-packages/mcfit/mcfit.py:130: UserWarning: use backend='jax' if desired
  warnings.warn("use backend='jax' if desired")
/cosma/home/durham/dc-ruan1/.local/lib/python3.14/site-packages/mcfit/mcfit.py:130: UserWarning: use backend='jax' if desired
  warnings.warn("use backend='jax' if desired")
/cosma/home/durham/dc-ruan1/.local/lib/python3.14/site-packages/mcfit/mcfit.py:130: UserWarning: use backend='jax' if desired
  warnings.warn("use backend='jax' if desired")
/cosma/home/durham/dc-ruan1/.local/lib/python3.14/site-packages/mcfit/mcfit.py:130: UserWarning: use backend='jax' if desired
  warnings.warn("use backend='jax' if desired")
/cosma/home/durham/dc-ruan1/.local/lib/python3.14/site-packages/mcfit/mcfit.py:130: UserWarning: use backend='jax' if desired
  warnings.warn("use backend='jax' if desired")
/cosma/home/durham/dc-ruan1/.local/lib/python3.14/site-packages/mcfit/mcfit.py:130: UserWarning: use backend='jax' if desired
  warnings.warn("use backend='jax' if desired")
/cosma/home/durham/dc-ruan1/.local/lib/python3.14/site-packages/mcfit/mcfit.py:130: UserWarning: use backend='jax' if desired
  warnings.warn("use backend='jax' if desired")
/cosma/home/durham/dc-ruan1/.local/lib/python3.14/site-packages/mcfit/mcfit.py:130: UserWarning: use backend='jax' if desired
  warnings.warn("use backend='jax' if desired")
/cosma/home/durham/dc-ruan1/.local/lib/python3.14/site-packages/mcfit/mcfit.py:130: UserWarning: use backend='jax' if desired
  warnings.warn("use backend='jax' if desired")
/cosma/home/durham/dc-ruan1/.local/lib/python3.14/site-packages/mcfit/mcfit.py:130: UserWarning: use backend='jax' if desired
  warnings.warn("use backend='jax' if desired")
/cosma/home/durham/dc-ruan1/.local/lib/python3.14/site-packages/mcfit/mcfit.py:130: UserWarning: use backend='jax' if desired
  warnings.warn("use backend='jax' if desired")
/cosma/home/durham/dc-ruan1/.local/lib/python3.14/site-packages/mcfit/mcfit.py:130: UserWarning: use backend='jax' if desired
  warnings.warn("use backend='jax' if desired")
/cosma/home/durham/dc-ruan1/.local/lib/python3.14/site-packages/mcfit/mcfit.py:130: UserWarning: use backend='jax' if desired
  warnings.warn("use backend='jax' if desired")
/cosma/home/durham/dc-ruan1/.local/lib/python3.14/site-packages/mcfit/mcfit.py:130: UserWarning: use backend='jax' if desired
  warnings.warn("use backend='jax' if desired")
/cosma/home/durham/dc-ruan1/.local/lib/python3.14/site-packages/mcfit/mcfit.py:130: UserWarning: use backend='jax' if desired
  warnings.warn("use backend='jax' if desired")
/cosma/home/durham/dc-ruan1/.local/lib/python3.14/site-packages/mcfit/mcfit.py:130: UserWarning: use backend='jax' if desired
  warnings.warn("use backend='jax' if desired")
/cosma/home/durham/dc-ruan1/.local/lib/python3.14/site-packages/mcfit/mcfit.py:130: UserWarning: use backend='jax' if desired
  warnings.warn("use backend='jax' if desired")
/cosma/home/durham/dc-ruan1/.local/lib/python3.14/site-packages/mcfit/mcfit.py:130: UserWarning: use backend='jax' if desired
  warnings.warn("use backend='jax' if desired")
/cosma/home/durham/dc-ruan1/.local/lib/python3.14/site-packages/mcfit/mcfit.py:130: UserWarning: use backend='jax' if desired
  warnings.warn("use backend='jax' if desired")
/cosma/home/durham/dc-ruan1/.local/lib/python3.14/site-packages/mcfit/mcfit.py:130: UserWarning: use backend='jax' if desired
  warnings.warn("use backend='jax' if desired")
/cosma/home/durham/dc-ruan1/.local/lib/python3.14/site-packages/mcfit/mcfit.py:130: UserWarning: use backend='jax' if desired
  warnings.warn("use backend='jax' if desired")
/cosma/home/durham/dc-ruan1/.local/lib/python3.14/site-packages/mcfit/mcfit.py:130: UserWarning: use backend='jax' if desired
  warnings.warn("use backend='jax' if desired")
/cosma/home/durham/dc-ruan1/.local/lib/python3.14/site-packages/mcfit/mcfit.py:130: UserWarning: use backend='jax' if desired
  warnings.warn("use backend='jax' if desired")
/cosma/home/durham/dc-ruan1/.local/lib/python3.14/site-packages/mcfit/mcfit.py:130: UserWarning: use backend='jax' if desired
  warnings.warn("use backend='jax' if desired")
/cosma/home/durham/dc-ruan1/.local/lib/python3.14/site-packages/mcfit/mcfit.py:130: UserWarning: use backend='jax' if desired
  warnings.warn("use backend='jax' if desired")
/cosma/home/durham/dc-ruan1/.local/lib/python3.14/site-packages/mcfit/mcfit.py:130: UserWarning: use backend='jax' if desired
  warnings.warn("use backend='jax' if desired")
/cosma/home/durham/dc-ruan1/.local/lib/python3.14/site-packages/mcfit/mcfit.py:130: UserWarning: use backend='jax' if desired
  warnings.warn("use backend='jax' if desired")
/cosma/home/durham/dc-ruan1/.local/lib/python3.14/site-packages/mcfit/mcfit.py:130: UserWarning: use backend='jax' if desired
  warnings.warn("use backend='jax' if desired")
/cosma/home/durham/dc-ruan1/.local/lib/python3.14/site-packages/mcfit/mcfit.py:130: UserWarning: use backend='jax' if desired
  warnings.warn("use backend='jax' if desired")
/cosma/home/durham/dc-ruan1/.local/lib/python3.14/site-packages/mcfit/mcfit.py:130: UserWarning: use backend='jax' if desired
  warnings.warn("use backend='jax' if desired")
/cosma/home/durham/dc-ruan1/.local/lib/python3.14/site-packages/mcfit/mcfit.py:130: UserWarning: use backend='jax' if desired
  warnings.warn("use backend='jax' if desired")
/cosma/home/durham/dc-ruan1/.local/lib/python3.14/site-packages/mcfit/mcfit.py:130: UserWarning: use backend='jax' if desired
  warnings.warn("use backend='jax' if desired")
/cosma/home/durham/dc-ruan1/.local/lib/python3.14/site-packages/mcfit/mcfit.py:130: UserWarning: use backend='jax' if desired
  warnings.warn("use backend='jax' if desired")
/cosma/home/durham/dc-ruan1/.local/lib/python3.14/site-packages/mcfit/mcfit.py:130: UserWarning: use backend='jax' if desired
  warnings.warn("use backend='jax' if desired")
/cosma/home/durham/dc-ruan1/.local/lib/python3.14/site-packages/mcfit/mcfit.py:130: UserWarning: use backend='jax' if desired
  warnings.warn("use backend='jax' if desired")
/cosma/home/durham/dc-ruan1/.local/lib/python3.14/site-packages/mcfit/mcfit.py:130: UserWarning: use backend='jax' if desired
  warnings.warn("use backend='jax' if desired")
/cosma/home/durham/dc-ruan1/.local/lib/python3.14/site-packages/mcfit/mcfit.py:130: UserWarning: use backend='jax' if desired
  warnings.warn("use backend='jax' if desired")
ERROR:2026-01-20 18:45:57,299:jax._src.xla_bridge:487: Jax plugin configuration error: Exception when calling jax_plugins.xla_cuda12.initialize()
Traceback (most recent call last):
  File "/cosma/apps/durham/dc-ruan1/micromamba/envs/cosemu/lib/python3.14/site-packages/jax_plugins/xla_cuda12/__init__.py", line 201, in _version_check
    version = get_version()
RuntimeError: jaxlib/cuda/versions_helpers.cc:72: operation cublasGetVersion( nullptr, &version) failed: cuBlas internal error

The above exception was the direct cause of the following exception:

Traceback (most recent call last):
  File "/cosma/apps/durham/dc-ruan1/micromamba/envs/cosemu/lib/python3.14/site-packages/jax/_src/xla_bridge.py", line 485, in discover_pjrt_plugins
    plugin_module.initialize()
    ~~~~~~~~~~~~~~~~~~~~~~~~^^
  File "/cosma/apps/durham/dc-ruan1/micromamba/envs/cosemu/lib/python3.14/site-packages/jax_plugins/xla_cuda12/__init__.py", line 328, in initialize
    _check_cuda_versions(raise_on_first_error=True)
    ~~~~~~~~~~~~~~~~~~~~^^^^^^^^^^^^^^^^^^^^^^^^^^^
  File "/cosma/apps/durham/dc-ruan1/micromamba/envs/cosemu/lib/python3.14/site-packages/jax_plugins/xla_cuda12/__init__.py", line 261, in _check_cuda_versions
    cublas_version = _version_check("cuBLAS", cuda_versions.cublas_get_version,
                   cuda_versions.cublas_build_version,
                   # Ignore patch versions.
                   scale_for_comparison=100,
                   min_supported_version=120100)
  File "/cosma/apps/durham/dc-ruan1/micromamba/envs/cosemu/lib/python3.14/site-packages/jax_plugins/xla_cuda12/__init__.py", line 205, in _version_check
    raise RuntimeError(err_msg) from e
RuntimeError: Unable to load cuBLAS. Is it installed?
/cosma/home/durham/dc-ruan1/.local/lib/python3.14/site-packages/mcfit/mcfit.py:130: UserWarning: use backend='jax' if desired
  warnings.warn("use backend='jax' if desired")
/cosma/home/durham/dc-ruan1/.local/lib/python3.14/site-packages/mcfit/mcfit.py:130: UserWarning: use backend='jax' if desired
  warnings.warn("use backend='jax' if desired")
/cosma/home/durham/dc-ruan1/.local/lib/python3.14/site-packages/mcfit/mcfit.py:130: UserWarning: use backend='jax' if desired
  warnings.warn("use backend='jax' if desired")
/cosma/home/durham/dc-ruan1/.local/lib/python3.14/site-packages/mcfit/mcfit.py:130: UserWarning: use backend='jax' if desired
  warnings.warn("use backend='jax' if desired")
